<?xml version="1.0" encoding="UTF-8"?>
<!-- Generated by org.testng.reporters.JUnitReportReporter -->
<testsuite hostname="tapan-PC" name="com.banking.testcases.Logintest_001" tests="1" failures="0" timestamp="28 May 2021 09:03:06 GMT" time="34.231" errors="0">
  <testcase name="loginTest" time="34.231" classname="com.banking.testcases.Logintest_001"/>
</testsuite> <!-- com.banking.testcases.Logintest_001 -->
